<?xml version="1.0" encoding="UTF-8"?>
<!-- Generated by org.testng.reporters.JUnitXMLReporter -->
<testsuite hostname="LAPTOP-OF8QKMNN" ignored="0" name="Test" tests="4" failures="1" timestamp="2019-11-17T17:20:46 IST" time="160.012" errors="0">
  <testcase name="createAccountTest" time="20.301" classname="hometest.testcases.SignUpTest"/>
  <testcase name="verifyProductListing" time="11.567" classname="hometest.testcases.AddToCartTest"/>
  <testcase name="downloadOrderInvoice" time="12.212" classname="hometest.testcases.OrderDetailsTest">
    <failure type="java.lang.AssertionError" message="Downloaded document is not found did not expect to find [true] but found [false]">
      <![CDATA[java.lang.AssertionError: Downloaded document is not found did not expect to find [true] but found [false]
at hometest.pages.OrderDetailsPage.verifyDownloadedInvoiceName(OrderDetailsPage.java:74)
at hometest.testcases.OrderDetailsTest.downloadOrderInvoice(OrderDetailsTest.java:45)
at java.util.ArrayList.forEach(ArrayList.java:1257)
... Removed 34 stack frames]]>
    </failure>
  </testcase> <!-- downloadOrderInvoice -->
  <testcase name="placeOrder" time="29.382" classname="hometest.testcases.CheckOutTest"/>
</testsuite> <!-- Test -->
